[36m2021-01-19 20:19:25.621 UTC [msp.identity] Sign -> DEBU 2cc9[0m Sign: plaintext: 18012A500A3F0A1B70656572302E6F72...7E120D08C3CEA58AA69FEEAD1610BD0A 
[36m2021-01-19 20:19:25.621 UTC [msp.identity] Sign -> DEBU 2cca[0m Sign: digest: 66A58E229276A9955F96572EA51ABA5606CDBAEC8ED51BBFC76A8521D7DF60D1 
[36m2021-01-19 20:19:25.621 UTC [msp.identity] Sign -> DEBU 2ccb[0m Sign: plaintext: 0A1B70656572302E6F7267312E6578616D706C652E636F6D3A37303531 
[36m2021-01-19 20:19:25.621 UTC [msp.identity] Sign -> DEBU 2ccc[0m Sign: digest: A785FC0B61B5045A71C0FA6B50D12EB1E6F0CDB152C6F79E6575060F54022160 
[36m2021-01-19 20:19:25.750 UTC [gossip.privdata] run -> DEBU 2ccd[0m Start reconcile missing private info
[36m2021-01-19 20:19:25.750 UTC [leveldbhelper] GetIterator -> DEBU 2cce[0m Getting iterator for range [[]byte{0x6d, 0x79, 0x63, 0x68, 0x61, 0x6e, 0x6e, 0x65, 0x6c, 0x0, 0x4, 0x7, 0xf8}] - [[]byte{0x6d, 0x79, 0x63, 0x68, 0x61, 0x6e, 0x6e, 0x65, 0x6c, 0x0, 0x4, 0x8}]
[36m2021-01-19 20:19:25.750 UTC [gossip.privdata] reconcile -> DEBU 2ccf[0m Reconciliation cycle finished successfully. no items to reconcile
[36m2021-01-19 20:19:27.555 UTC [msp.identity] Sign -> DEBU 2cd0[0m Sign: plaintext: 18012A500A3F0A1B70656572302E6F72...7E120D08C3CEA58AA69FEEAD1610BE0A 
[36m2021-01-19 20:19:27.556 UTC [msp.identity] Sign -> DEBU 2cd1[0m Sign: digest: F4BA9592351152853248DB6877813B2EF08B43A61CD07DC4D5180A3B6CBF3DCD 
[36m2021-01-19 20:19:27.556 UTC [msp.identity] Sign -> DEBU 2cd2[0m Sign: plaintext: 0A1B70656572302E6F7267312E6578616D706C652E636F6D3A37303531 
[36m2021-01-19 20:19:27.556 UTC [msp.identity] Sign -> DEBU 2cd3[0m Sign: digest: A785FC0B61B5045A71C0FA6B50D12EB1E6F0CDB152C6F79E6575060F54022160 
[36m2021-01-19 20:19:27.556 UTC [gossip.discovery] periodicalSendAlive -> DEBU 2cd4[0m Sleeping 5s
[36m2021-01-19 20:19:28.197 UTC [endorser] ProcessProposal -> DEBU 2cd5[0m request from 104.172.162.255:2828
[36m2021-01-19 20:19:28.197 UTC [msp] DeserializeIdentity -> DEBU 2cd6[0m Obtaining identity
[36m2021-01-19 20:19:28.197 UTC [msp.identity] newIdentity -> DEBU 2cd7[0m Creating identity instance for cert -----BEGIN CERTIFICATE-----
MIICfDCCAiOgAwIBAgIUW3KcawK5aqzXM7p6EB+ySzH/E3YwCgYIKoZIzj0EAwIw
gYExCzAJBgNVBAYTAlVTMRMwEQYDVQQIEwpDYWxpZm9ybmlhMSQwIgYDVQQHExtT
b255IFBpY3R1cmVzIEVudGVydGFpbm1lbnQxGTAXBgNVBAoTEG9yZzEuZXhhbXBs
ZS5jb20xHDAaBgNVBAMTE2NhLm9yZzEuZXhhbXBsZS5jb20wHhcNMjEwMTE5MjAx
NDAwWhcNMjIwMTE5MjAxOTAwWjAhMQ8wDQYDVQQLEwZjbGllbnQxDjAMBgNVBAMT
BXVzZXIxMFkwEwYHKoZIzj0CAQYIKoZIzj0DAQcDQgAEE1Rp4cYi1Oeef+VJttho
oahjOuNYEprs94R7MeDQK7Qz3JKrU+tgQkQakD2r7GVVo9g9wYXLKLQjGq5g/cFw
3aOB1zCB1DAOBgNVHQ8BAf8EBAMCB4AwDAYDVR0TAQH/BAIwADAdBgNVHQ4EFgQU
6infW/LPRkbW7+WFTelHwldNPk4wHwYDVR0jBBgwFoAUJWXO1KKBrjIzy7UVh2Ps
4KDEqjswGgYDVR0RBBMwEYIPREVTS1RPUC1UOE4yOElGMFgGCCoDBAUGBwgBBEx7
ImF0dHJzIjp7ImhmLkFmZmlsaWF0aW9uIjoiIiwiaGYuRW5yb2xsbWVudElEIjoi
dXNlcjEiLCJoZi5UeXBlIjoiY2xpZW50In19MAoGCCqGSM49BAMCA0cAMEQCIG+r
jbjvt2CAqkjXCEkHfTZhMRTeXs4jmb2DNa1xyUhNAiAOHkbx0emIszPyHTFfZihm
FQNZ4E5RZeSsp+rvbCuHDg==
-----END CERTIFICATE-----
[36m2021-01-19 20:19:28.198 UTC [msp] Validate -> DEBU 2cd8[0m MSP Org1MSP validating identity
[36m2021-01-19 20:19:28.198 UTC [msp] getCertificationChain -> DEBU 2cd9[0m MSP Org1MSP getting certification chain
[36m2021-01-19 20:19:28.198 UTC [endorser] Validate -> DEBU 2cda[0m creator is valid channel=mychannel txID=24de14b4 mspID=Org1MSP
[36m2021-01-19 20:19:28.198 UTC [msp.identity] Verify -> DEBU 2cdb[0m Verify: digest = 00000000  4c 70 4d ed f1 84 cc 9c  96 29 70 fb b4 c9 b2 a0  |LpM......)p.....|
00000010  32 21 d5 c5 0a a8 70 cc  48 d1 d0 58 db 76 42 5f  |2!....p.H..X.vB_|
[36m2021-01-19 20:19:28.198 UTC [msp.identity] Verify -> DEBU 2cdc[0m Verify: sig = 00000000  30 45 02 21 00 86 b5 e2  8c 1d f4 47 ec 47 54 c8  |0E.!.......G.GT.|
00000010  1b 7d 96 2c 42 2a 91 f2  cc 8d a5 27 37 6e f8 dd  |.}.,B*.....'7n..|
00000020  f2 9d ab bb 73 02 20 36  ac 36 f2 9c a7 ad c6 2c  |....s. 6.6.....,|
00000030  d8 01 92 34 6e c5 e1 a5  ac a9 09 c8 e7 62 5c 22  |...4n........b\"|
00000040  c6 e1 ae 83 ee bd e9                              |.......|
[36m2021-01-19 20:19:28.198 UTC [endorser] Validate -> DEBU 2cdd[0m signature is valid channel=mychannel txID=24de14b4 mspID=Org1MSP
[36m2021-01-19 20:19:28.198 UTC [blkstorage] retrieveTransactionByID -> DEBU 2cde[0m retrieveTransactionByID() - txId = [24de14b4212f2f858d774437e63225c08aade46f6e522684b7ebf8b8f65e3093]
[36m2021-01-19 20:19:28.198 UTC [leveldbhelper] GetIterator -> DEBU 2cdf[0m Getting iterator for range [[]byte{0x6d, 0x79, 0x63, 0x68, 0x61, 0x6e, 0x6e, 0x65, 0x6c, 0x0, 0x74, 0x1, 0x40, 0x32, 0x34, 0x64, 0x65, 0x31, 0x34, 0x62, 0x34, 0x32, 0x31, 0x32, 0x66, 0x32, 0x66, 0x38, 0x35, 0x38, 0x64, 0x37, 0x37, 0x34, 0x34, 0x33, 0x37, 0x65, 0x36, 0x33, 0x32, 0x32, 0x35, 0x63, 0x30, 0x38, 0x61, 0x61, 0x64, 0x65, 0x34, 0x36, 0x66, 0x36, 0x65, 0x35, 0x32, 0x32, 0x36, 0x38, 0x34, 0x62, 0x37, 0x65, 0x62, 0x66, 0x38, 0x62, 0x38, 0x66, 0x36, 0x35, 0x65, 0x33, 0x30, 0x39, 0x33}] - [[]byte{0x6d, 0x79, 0x63, 0x68, 0x61, 0x6e, 0x6e, 0x65, 0x6c, 0x0, 0x74, 0x1, 0x40, 0x32, 0x34, 0x64, 0x65, 0x31, 0x34, 0x62, 0x34, 0x32, 0x31, 0x32, 0x66, 0x32, 0x66, 0x38, 0x35, 0x38, 0x64, 0x37, 0x37, 0x34, 0x34, 0x33, 0x37, 0x65, 0x36, 0x33, 0x32, 0x32, 0x35, 0x63, 0x30, 0x38, 0x61, 0x61, 0x64, 0x65, 0x34, 0x36, 0x66, 0x36, 0x65, 0x35, 0x32, 0x32, 0x36, 0x38, 0x34, 0x62, 0x37, 0x65, 0x62, 0x66, 0x38, 0x62, 0x38, 0x66, 0x36, 0x35, 0x65, 0x33, 0x30, 0x39, 0x33, 0xff}]
[36m2021-01-19 20:19:28.198 UTC [chaincode] CheckInvocation -> DEBU 2ce0[0m [24de14b4] getting chaincode data for cscc on channel mychannel
[36m2021-01-19 20:19:28.198 UTC [chaincode] Execute -> DEBU 2ce1[0m Entry
[36m2021-01-19 20:19:28.198 UTC [cscc] Invoke -> DEBU 2ce2[0m Invoke function: GetConfigBlock
[36m2021-01-19 20:19:28.198 UTC [aclmgmt] CheckACL -> DEBU 2ce3[0m acl policy not found in config for resource cscc/GetConfigBlock
[36m2021-01-19 20:19:28.198 UTC [policies] EvaluateSignedData -> DEBU 2ce4[0m == Evaluating *policies.ImplicitMetaPolicy Policy /Channel/Application/Readers ==
[36m2021-01-19 20:19:28.198 UTC [policies] EvaluateSignedData -> DEBU 2ce5[0m This is an implicit meta policy, it will trigger other policy evaluations, whose failures may be benign
[36m2021-01-19 20:19:28.198 UTC [policies] EvaluateSignedData -> DEBU 2ce6[0m == Evaluating *cauthdsl.policy Policy /Channel/Application/Org1MSP/Readers ==
[36m2021-01-19 20:19:28.198 UTC [msp.identity] Verify -> DEBU 2ce7[0m Verify: digest = 00000000  4c 70 4d ed f1 84 cc 9c  96 29 70 fb b4 c9 b2 a0  |LpM......)p.....|
00000010  32 21 d5 c5 0a a8 70 cc  48 d1 d0 58 db 76 42 5f  |2!....p.H..X.vB_|
[36m2021-01-19 20:19:28.198 UTC [msp.identity] Verify -> DEBU 2ce8[0m Verify: sig = 00000000  30 45 02 21 00 86 b5 e2  8c 1d f4 47 ec 47 54 c8  |0E.!.......G.GT.|
00000010  1b 7d 96 2c 42 2a 91 f2  cc 8d a5 27 37 6e f8 dd  |.}.,B*.....'7n..|
00000020  f2 9d ab bb 73 02 20 36  ac 36 f2 9c a7 ad c6 2c  |....s. 6.6.....,|
00000030  d8 01 92 34 6e c5 e1 a5  ac a9 09 c8 e7 62 5c 22  |...4n........b\"|
00000040  c6 e1 ae 83 ee bd e9                              |.......|
[36m2021-01-19 20:19:28.199 UTC [policies] SignatureSetToValidIdentities -> DEBU 2ce9[0m signature for identity 0 validated
[36m2021-01-19 20:19:28.199 UTC [cauthdsl] func1 -> DEBU 2cea[0m 0xc0003502c0 gate 1611087568199045177 evaluation starts
[36m2021-01-19 20:19:28.199 UTC [cauthdsl] func2 -> DEBU 2ceb[0m 0xc0003502c0 signed by 0 principal evaluation starts (used [false])
[36m2021-01-19 20:19:28.199 UTC [cauthdsl] func2 -> DEBU 2cec[0m 0xc0003502c0 processing identity 0 - &{Org1MSP 6f6af754d6fb907bb3437adcc819f4b9b7292c1a3e6999fe5b16351545d2ff25}
[36m2021-01-19 20:19:28.199 UTC [msp] satisfiesPrincipalInternalV142 -> DEBU 2ced[0m Checking if identity has been named explicitly as an admin for Org1MSP
[36m2021-01-19 20:19:28.199 UTC [msp] satisfiesPrincipalInternalV142 -> DEBU 2cee[0m Checking if identity carries the admin ou for Org1MSP
[36m2021-01-19 20:19:28.199 UTC [msp] Validate -> DEBU 2cef[0m MSP Org1MSP validating identity
[36m2021-01-19 20:19:28.199 UTC [msp] hasOURole -> DEBU 2cf0[0m MSP Org1MSP checking if the identity is a client
[36m2021-01-19 20:19:28.199 UTC [msp] getCertificationChain -> DEBU 2cf1[0m MSP Org1MSP getting certification chain
[36m2021-01-19 20:19:28.199 UTC [cauthdsl] func2 -> DEBU 2cf2[0m 0xc0003502c0 identity 0 does not satisfy principal: The identity is not an admin under this MSP [Org1MSP]: The identity does not contain OU [ADMIN], MSP: [Org1MSP]
[36m2021-01-19 20:19:28.199 UTC [cauthdsl] func2 -> DEBU 2cf3[0m 0xc0003502c0 principal evaluation fails
[36m2021-01-19 20:19:28.199 UTC [cauthdsl] func2 -> DEBU 2cf4[0m 0xc0003502c0 signed by 1 principal evaluation starts (used [false])
[36m2021-01-19 20:19:28.199 UTC [cauthdsl] func2 -> DEBU 2cf5[0m 0xc0003502c0 processing identity 0 - &{Org1MSP 6f6af754d6fb907bb3437adcc819f4b9b7292c1a3e6999fe5b16351545d2ff25}
[36m2021-01-19 20:19:28.199 UTC [msp] satisfiesPrincipalInternalPreV13 -> DEBU 2cf6[0m Checking if identity satisfies role [PEER] for Org1MSP
[36m2021-01-19 20:19:28.199 UTC [msp] Validate -> DEBU 2cf7[0m MSP Org1MSP validating identity
[36m2021-01-19 20:19:28.199 UTC [msp] hasOURole -> DEBU 2cf8[0m MSP Org1MSP checking if the identity is a client
[36m2021-01-19 20:19:28.199 UTC [msp] getCertificationChain -> DEBU 2cf9[0m MSP Org1MSP getting certification chain
[36m2021-01-19 20:19:28.199 UTC [cauthdsl] func2 -> DEBU 2cfa[0m 0xc0003502c0 identity 0 does not satisfy principal: The identity is not a [PEER] under this MSP [Org1MSP]: The identity does not contain OU [PEER], MSP: [Org1MSP]
[36m2021-01-19 20:19:28.199 UTC [cauthdsl] func2 -> DEBU 2cfb[0m 0xc0003502c0 principal evaluation fails
[36m2021-01-19 20:19:28.199 UTC [cauthdsl] func2 -> DEBU 2cfc[0m 0xc0003502c0 signed by 2 principal evaluation starts (used [false])
[36m2021-01-19 20:19:28.199 UTC [cauthdsl] func2 -> DEBU 2cfd[0m 0xc0003502c0 processing identity 0 - &{Org1MSP 6f6af754d6fb907bb3437adcc819f4b9b7292c1a3e6999fe5b16351545d2ff25}
[36m2021-01-19 20:19:28.199 UTC [msp] satisfiesPrincipalInternalPreV13 -> DEBU 2cfe[0m Checking if identity satisfies role [CLIENT] for Org1MSP
[36m2021-01-19 20:19:28.199 UTC [msp] Validate -> DEBU 2cff[0m MSP Org1MSP validating identity
[36m2021-01-19 20:19:28.199 UTC [msp] hasOURole -> DEBU 2d00[0m MSP Org1MSP checking if the identity is a client
[36m2021-01-19 20:19:28.199 UTC [msp] getCertificationChain -> DEBU 2d01[0m MSP Org1MSP getting certification chain
[36m2021-01-19 20:19:28.199 UTC [cauthdsl] func2 -> DEBU 2d02[0m 0xc0003502c0 principal evaluation succeeds for identity 0
[36m2021-01-19 20:19:28.199 UTC [cauthdsl] func1 -> DEBU 2d03[0m 0xc0003502c0 gate 1611087568199045177 evaluation succeeds
[36m2021-01-19 20:19:28.199 UTC [policies] EvaluateSignedData -> DEBU 2d04[0m Signature set satisfies policy /Channel/Application/Org1MSP/Readers
[36m2021-01-19 20:19:28.199 UTC [policies] EvaluateSignedData -> DEBU 2d05[0m == Done Evaluating *cauthdsl.policy Policy /Channel/Application/Org1MSP/Readers
[36m2021-01-19 20:19:28.199 UTC [policies] EvaluateSignedData -> DEBU 2d06[0m Signature set satisfies policy /Channel/Application/Readers
[36m2021-01-19 20:19:28.199 UTC [policies] EvaluateSignedData -> DEBU 2d07[0m == Done Evaluating *policies.ImplicitMetaPolicy Policy /Channel/Application/Readers
[36m2021-01-19 20:19:28.199 UTC [peer] ConfigBlockFromLedger -> DEBU 2d08[0m Getting config block
[36m2021-01-19 20:19:28.199 UTC [blkstorage] retrieveBlockByNumber -> DEBU 2d09[0m retrieveBlockByNumber() - blockNum = [7]
[36m2021-01-19 20:19:28.199 UTC [blkstorage] newBlockfileStream -> DEBU 2d0a[0m newBlockfileStream(): filePath=[/var/hyperledger/production/ledgersData/chains/chains/mychannel/blockfile_000000], startOffset=[61442]
[36m2021-01-19 20:19:28.199 UTC [blkstorage] nextBlockBytesAndPlacementInfo -> DEBU 2d0b[0m Remaining bytes=[4768], Going to peek [8] bytes
[36m2021-01-19 20:19:28.200 UTC [blkstorage] nextBlockBytesAndPlacementInfo -> DEBU 2d0c[0m Returning blockbytes - length=[4766], placementInfo={fileNum=[0], startOffset=[61442], bytesOffset=[61444]}
[36m2021-01-19 20:19:28.200 UTC [blkstorage] retrieveBlockByNumber -> DEBU 2d0d[0m retrieveBlockByNumber() - blockNum = [1]
[36m2021-01-19 20:19:28.200 UTC [blkstorage] newBlockfileStream -> DEBU 2d0e[0m newBlockfileStream(): filePath=[/var/hyperledger/production/ledgersData/chains/chains/mychannel/blockfile_000000], startOffset=[17506]
[36m2021-01-19 20:19:28.200 UTC [blkstorage] nextBlockBytesAndPlacementInfo -> DEBU 2d0f[0m Remaining bytes=[48704], Going to peek [8] bytes
[36m2021-01-19 20:19:28.200 UTC [blkstorage] nextBlockBytesAndPlacementInfo -> DEBU 2d10[0m Returning blockbytes - length=[18652], placementInfo={fileNum=[0], startOffset=[17506], bytesOffset=[17509]}
[36m2021-01-19 20:19:28.200 UTC [peer] ConfigBlockFromLedger -> DEBU 2d11[0m Got config block[1]
[36m2021-01-19 20:19:28.200 UTC [chaincode] handleMessage -> DEBU 2d12[0m [24de14b4] Fabric side handling ChaincodeMessage of type: COMPLETED in state ready
[36m2021-01-19 20:19:28.200 UTC [chaincode] Notify -> DEBU 2d13[0m [24de14b4] notifying Txid:24de14b4212f2f858d774437e63225c08aade46f6e522684b7ebf8b8f65e3093, channelID:mychannel
[36m2021-01-19 20:19:28.200 UTC [chaincode] Execute -> DEBU 2d14[0m Exit
[34m2021-01-19 20:19:28.200 UTC [endorser] callChaincode -> INFO 2d15[0m finished chaincode: cscc duration: 1ms channel=mychannel txID=24de14b4
[36m2021-01-19 20:19:28.200 UTC [endorser] ProcessProposalSuccessfullyOrError -> DEBU 2d16[0m escc for chaincode cscc is escc channel=mychannel txID=24de14b4
[36m2021-01-19 20:19:28.200 UTC [msp.identity] Sign -> DEBU 2d17[0m Sign: plaintext: 0A204E2F92E596E69834D7961BC4CF72...455254494649434154452D2D2D2D2D0A 
[36m2021-01-19 20:19:28.200 UTC [msp.identity] Sign -> DEBU 2d18[0m Sign: digest: 4923CE1E6B068F5727BE60045B66236E890B85FBF9848CB8FADC9C29E8C28DBF 
[34m2021-01-19 20:19:28.200 UTC [comm.grpc.server] 1 -> INFO 2d19[0m unary call completed grpc.service=protos.Endorser grpc.method=ProcessProposal grpc.request_deadline=2021-01-19T20:22:28.056Z grpc.peer_address=104.172.162.255:2828 grpc.code=OK grpc.call_duration=3.150309ms
[36m2021-01-19 20:19:28.325 UTC [discovery] Discover -> DEBU 2d1a[0m Processing request from 104.172.162.255:2828: authentication:<client_identity:"\n\007Org1MSP\022\234\007-----BEGIN CERTIFICATE-----\nMIICfDCCAiOgAwIBAgIUW3KcawK5aqzXM7p6EB+ySzH/E3YwCgYIKoZIzj0EAwIw\ngYExCzAJBgNVBAYTAlVTMRMwEQYDVQQIEwpDYWxpZm9ybmlhMSQwIgYDVQQHExtT\nb255IFBpY3R1cmVzIEVudGVydGFpbm1lbnQxGTAXBgNVBAoTEG9yZzEuZXhhbXBs\nZS5jb20xHDAaBgNVBAMTE2NhLm9yZzEuZXhhbXBsZS5jb20wHhcNMjEwMTE5MjAx\nNDAwWhcNMjIwMTE5MjAxOTAwWjAhMQ8wDQYDVQQLEwZjbGllbnQxDjAMBgNVBAMT\nBXVzZXIxMFkwEwYHKoZIzj0CAQYIKoZIzj0DAQcDQgAEE1Rp4cYi1Oeef+VJttho\noahjOuNYEprs94R7MeDQK7Qz3JKrU+tgQkQakD2r7GVVo9g9wYXLKLQjGq5g/cFw\n3aOB1zCB1DAOBgNVHQ8BAf8EBAMCB4AwDAYDVR0TAQH/BAIwADAdBgNVHQ4EFgQU\n6infW/LPRkbW7+WFTelHwldNPk4wHwYDVR0jBBgwFoAUJWXO1KKBrjIzy7UVh2Ps\n4KDEqjswGgYDVR0RBBMwEYIPREVTS1RPUC1UOE4yOElGMFgGCCoDBAUGBwgBBEx7\nImF0dHJzIjp7ImhmLkFmZmlsaWF0aW9uIjoiIiwiaGYuRW5yb2xsbWVudElEIjoi\ndXNlcjEiLCJoZi5UeXBlIjoiY2xpZW50In19MAoGCCqGSM49BAMCA0cAMEQCIG+r\njbjvt2CAqkjXCEkHfTZhMRTeXs4jmb2DNa1xyUhNAiAOHkbx0emIszPyHTFfZihm\nFQNZ4E5RZeSsp+rvbCuHDg==\n-----END CERTIFICATE-----\n" client_tls_cert_hash:"\343\260\304B\230\374\034\024\232\373\364\310\231o\271$'\256A\344d\233\223L\244\225\231\033xR\270U" > queries:<channel:"mychannel" cc_query:<interests:<chaincodes:<name:"fabcar" > > > > 
[36m2021-01-19 20:19:28.326 UTC [policies] EvaluateSignedData -> DEBU 2d1b[0m == Evaluating *policies.ImplicitMetaPolicy Policy /Channel/Application/Writers ==
[36m2021-01-19 20:19:28.326 UTC [policies] EvaluateSignedData -> DEBU 2d1c[0m This is an implicit meta policy, it will trigger other policy evaluations, whose failures may be benign
[36m2021-01-19 20:19:28.326 UTC [policies] EvaluateSignedData -> DEBU 2d1d[0m == Evaluating *cauthdsl.policy Policy /Channel/Application/Org1MSP/Writers ==
[36m2021-01-19 20:19:28.326 UTC [msp.identity] Verify -> DEBU 2d1e[0m Verify: digest = 00000000  79 0c 14 a9 ff d6 63 d1  1e a7 05 75 11 7e a0 a7  |y.....c....u.~..|
00000010  5b 91 da f0 81 fc 34 48  6b 49 39 cc 74 ad 7c 72  |[.....4HkI9.t.|r|
[36m2021-01-19 20:19:28.326 UTC [msp.identity] Verify -> DEBU 2d1f[0m Verify: sig = 00000000  30 45 02 21 00 f0 3f 42  1a 82 4f fb cb dc 16 2d  |0E.!..?B..O....-|
00000010  c2 9f 9a 32 f1 b9 47 56  06 7d 2d af 57 7c 1a 3d  |...2..GV.}-.W|.=|
00000020  25 46 06 e3 0b 02 20 19  e3 86 e9 3b 47 b8 4f 10  |%F.... ....;G.O.|
00000030  4f 81 65 94 2e 02 0f ae  c4 af 71 ee 11 67 56 ba  |O.e.......q..gV.|
00000040  d7 80 94 27 68 b9 2f                              |...'h./|
[36m2021-01-19 20:19:28.326 UTC [policies] SignatureSetToValidIdentities -> DEBU 2d20[0m signature for identity 0 validated
[36m2021-01-19 20:19:28.326 UTC [cauthdsl] func1 -> DEBU 2d21[0m 0xc002ad9e30 gate 1611087568326302260 evaluation starts
[36m2021-01-19 20:19:28.326 UTC [cauthdsl] func2 -> DEBU 2d22[0m 0xc002ad9e30 signed by 0 principal evaluation starts (used [false])
[36m2021-01-19 20:19:28.326 UTC [cauthdsl] func2 -> DEBU 2d23[0m 0xc002ad9e30 processing identity 0 - &{Org1MSP 6f6af754d6fb907bb3437adcc819f4b9b7292c1a3e6999fe5b16351545d2ff25}
[36m2021-01-19 20:19:28.326 UTC [cauthdsl] func2 -> DEBU 2d24[0m 0xc002ad9e30 identity 0 does not satisfy principal: The identity is not an admin under this MSP [Org1MSP]: The identity does not contain OU [ADMIN], MSP: [Org1MSP]
[36m2021-01-19 20:19:28.326 UTC [cauthdsl] func2 -> DEBU 2d25[0m 0xc002ad9e30 principal evaluation fails
[36m2021-01-19 20:19:28.326 UTC [cauthdsl] func2 -> DEBU 2d26[0m 0xc002ad9e30 signed by 1 principal evaluation starts (used [false])
[36m2021-01-19 20:19:28.326 UTC [cauthdsl] func2 -> DEBU 2d27[0m 0xc002ad9e30 processing identity 0 - &{Org1MSP 6f6af754d6fb907bb3437adcc819f4b9b7292c1a3e6999fe5b16351545d2ff25}
[36m2021-01-19 20:19:28.326 UTC [cauthdsl] func2 -> DEBU 2d28[0m 0xc002ad9e30 principal evaluation succeeds for identity 0
[36m2021-01-19 20:19:28.326 UTC [cauthdsl] func1 -> DEBU 2d29[0m 0xc002ad9e30 gate 1611087568326302260 evaluation succeeds
[36m2021-01-19 20:19:28.326 UTC [policies] EvaluateSignedData -> DEBU 2d2a[0m Signature set satisfies policy /Channel/Application/Org1MSP/Writers
[36m2021-01-19 20:19:28.326 UTC [policies] EvaluateSignedData -> DEBU 2d2b[0m == Done Evaluating *cauthdsl.policy Policy /Channel/Application/Org1MSP/Writers
[36m2021-01-19 20:19:28.326 UTC [policies] EvaluateSignedData -> DEBU 2d2c[0m Signature set satisfies policy /Channel/Application/Writers
[36m2021-01-19 20:19:28.326 UTC [policies] EvaluateSignedData -> DEBU 2d2d[0m == Done Evaluating *policies.ImplicitMetaPolicy Policy /Channel/Application/Writers
[36m2021-01-19 20:19:28.326 UTC [policies] Convert -> DEBU 2d2e[0m == Converting *policies.ImplicitMetaPolicy Policy /Channel/Application/Endorsement ==
[36m2021-01-19 20:19:28.326 UTC [policies] Convert -> DEBU 2d2f[0m == Converting *cauthdsl.policy Policy /Channel/Application/Org1MSP/Endorsement ==
[36m2021-01-19 20:19:28.326 UTC [policies] Convert -> DEBU 2d30[0m == Done Converting *cauthdsl.policy Policy /Channel/Application/Org1MSP/Endorsement
[36m2021-01-19 20:19:28.326 UTC [policies] Convert -> DEBU 2d31[0m == Done Converting *policies.ImplicitMetaPolicy Policy /Channel/Application/Endorsement
[36m2021-01-19 20:19:28.326 UTC [discovery.endorsement] loadMetadataAndFilters -> DEBU 2d32[0m No collections for fabcar, skipping channel=mychannel
[36m2021-01-19 20:19:28.326 UTC [policies] Convert -> DEBU 2d33[0m == Converting *policies.ImplicitMetaPolicy Policy /Channel/Application/Endorsement ==
[36m2021-01-19 20:19:28.326 UTC [policies] Convert -> DEBU 2d34[0m == Converting *cauthdsl.policy Policy /Channel/Application/Org1MSP/Endorsement ==
[36m2021-01-19 20:19:28.326 UTC [policies] Convert -> DEBU 2d35[0m == Done Converting *cauthdsl.policy Policy /Channel/Application/Org1MSP/Endorsement
[36m2021-01-19 20:19:28.326 UTC [policies] Convert -> DEBU 2d36[0m == Done Converting *policies.ImplicitMetaPolicy Policy /Channel/Application/Endorsement
[36m2021-01-19 20:19:28.326 UTC [discovery.endorsement] func1 -> DEBU 2d37[0m Endpoint: peer0.org1.example.com:7051, InternalEndpoint: , PKI-ID: f9eafc0cd7ca418234ee310887fbd6f56f88849005c19b446ddd4abd8602407e, Metadata:  satisfies principal principal:"\n\007Org1MSP\020\003" 
[36m2021-01-19 20:19:28.326 UTC [discovery] Discover -> DEBU 2d38[0m Returning to 104.172.162.255:2828 a response containing: [cc_query_res:<content:<chaincode:"fabcar" endorsers_by_groups:<key:"G0" value:<peers:<state_info:<payload:"\030\005z|\022\024\010\254\307\222\312\235\275\356\255\026\020\356\374\304\201\372\360\356\255\026\032 \371\352\374\014\327\312A\2024\3561\010\207\373\326\365o\210\204\220\005\301\233Dm\335J\275\206\002@~\" \217!\202h\013\010=\310ij\020\326\304\370nP\343\373\305\363 |x\240\343\020<w4\346\201\032* \010\010\032\013\n\006fabcar\022\0011\032\017\n\n_lifecycle\022\0011" signature:"0E\002!\000\207\362\260R~i(\341>\r=\223\n\341d\260\030G\235\222\306\347\251ET5\211\273s\230*\257\002 [R\347\017>1\325\337\242\322<\222\367\255t-\264\260\324\001\377\330\000a\372V\351\213|\276>\331" > membership_info:<payload:"\030\001*P\n?\n\033peer0.org1.example.com:7051\032 \371\352\374\014\327\312A\2024\3561\010\207\373\326\365o\210\204\220\005\301\233Dm\335J\275\206\002@~\022\r\010\303\316\245\212\246\237\356\255\026\020\277\n" > identity:"\n\007Org1MSP\022\361\007-----BEGIN CERTIFICATE-----\nMIICuzCCAmKgAwIBAgIURNyKt+mFIuN9XnrIlqU4yEvI2bgwCgYIKoZIzj0EAwIw\ngYExCzAJBgNVBAYTAlVTMRMwEQYDVQQIEwpDYWxpZm9ybmlhMSQwIgYDVQQHExtT\nb255IFBpY3R1cmVzIEVudGVydGFpbm1lbnQxGTAXBgNVBAoTEG9yZzEuZXhhbXBs\nZS5jb20xHDAaBgNVBAMTE2NhLm9yZzEuZXhhbXBsZS5jb20wHhcNMjEwMTE5MTky\nNjAwWhcNMjIwMTE5MTkzMTAwWjBbMQswCQYDVQQGEwJVUzEXMBUGA1UECBMOTm9y\ndGggQ2Fyb2xpbmExFDASBgNVBAoTC0h5cGVybGVkZ2VyMQ0wCwYDVQQLEwRwZWVy\nMQ4wDAYDVQQDEwVwZWVyMDBZMBMGByqGSM49AgEGCCqGSM49AwEHA0IABPQKPRhR\n+TESZwqkF7lraqMpz/nb2s5DpKgRDFx3TVbJ3duWEgStOWdj3FVpY3ropMHXWbD0\n/zw4TB5G2bUmNIGjgdwwgdkwDgYDVR0PAQH/BAQDAgeAMAwGA1UdEwEB/wQCMAAw\nHQYDVR0OBBYEFGG+86/pkmjDmIAvlB2ssOGw2T+OMB8GA1UdIwQYMBaAFCVlztSi\nga4yM8u1FYdj7OCgxKo7MCEGA1UdEQQaMBiCFnBlZXIwLm9yZzEuZXhhbXBsZS5j\nb20wVgYIKgMEBQYHCAEESnsiYXR0cnMiOnsiaGYuQWZmaWxpYXRpb24iOiIiLCJo\nZi5FbnJvbGxtZW50SUQiOiJwZWVyMCIsImhmLlR5cGUiOiJwZWVyIn19MAoGCCqG\nSM49BAMCA0cAMEQCIBa2Mu+hfAnVl7aPM1uvCLLIHPH3qr8A9xhf98DcjS+hAiA+\nj+i3gVuHrSYzvAn8/lujvlYrK54PklrfSwxFn3s9IQ==\n-----END CERTIFICATE-----\n" > > > layouts:<quantities_by_group:<key:"G0" value:1 > > > > ]
[34m2021-01-19 20:19:28.326 UTC [comm.grpc.server] 1 -> INFO 2d39[0m unary call completed grpc.service=discovery.Discovery grpc.method=Discover grpc.request_deadline=2021-01-19T20:19:43.325Z grpc.peer_address=104.172.162.255:2828 grpc.code=OK grpc.call_duration=1.25637ms
[36m2021-01-19 20:19:28.376 UTC [discovery] Discover -> DEBU 2d3a[0m Processing request from 104.172.162.255:2828: authentication:<client_identity:"\n\007Org1MSP\022\234\007-----BEGIN CERTIFICATE-----\nMIICfDCCAiOgAwIBAgIUW3KcawK5aqzXM7p6EB+ySzH/E3YwCgYIKoZIzj0EAwIw\ngYExCzAJBgNVBAYTAlVTMRMwEQYDVQQIEwpDYWxpZm9ybmlhMSQwIgYDVQQHExtT\nb255IFBpY3R1cmVzIEVudGVydGFpbm1lbnQxGTAXBgNVBAoTEG9yZzEuZXhhbXBs\nZS5jb20xHDAaBgNVBAMTE2NhLm9yZzEuZXhhbXBsZS5jb20wHhcNMjEwMTE5MjAx\nNDAwWhcNMjIwMTE5MjAxOTAwWjAhMQ8wDQYDVQQLEwZjbGllbnQxDjAMBgNVBAMT\nBXVzZXIxMFkwEwYHKoZIzj0CAQYIKoZIzj0DAQcDQgAEE1Rp4cYi1Oeef+VJttho\noahjOuNYEprs94R7MeDQK7Qz3JKrU+tgQkQakD2r7GVVo9g9wYXLKLQjGq5g/cFw\n3aOB1zCB1DAOBgNVHQ8BAf8EBAMCB4AwDAYDVR0TAQH/BAIwADAdBgNVHQ4EFgQU\n6infW/LPRkbW7+WFTelHwldNPk4wHwYDVR0jBBgwFoAUJWXO1KKBrjIzy7UVh2Ps\n4KDEqjswGgYDVR0RBBMwEYIPREVTS1RPUC1UOE4yOElGMFgGCCoDBAUGBwgBBEx7\nImF0dHJzIjp7ImhmLkFmZmlsaWF0aW9uIjoiIiwiaGYuRW5yb2xsbWVudElEIjoi\ndXNlcjEiLCJoZi5UeXBlIjoiY2xpZW50In19MAoGCCqGSM49BAMCA0cAMEQCIG+r\njbjvt2CAqkjXCEkHfTZhMRTeXs4jmb2DNa1xyUhNAiAOHkbx0emIszPyHTFfZihm\nFQNZ4E5RZeSsp+rvbCuHDg==\n-----END CERTIFICATE-----\n" client_tls_cert_hash:"\343\260\304B\230\374\034\024\232\373\364\310\231o\271$'\256A\344d\233\223L\244\225\231\033xR\270U" > queries:<channel:"mychannel" peer_query:<filter:<> > > 
[36m2021-01-19 20:19:28.376 UTC [policies] EvaluateSignedData -> DEBU 2d3b[0m == Evaluating *policies.ImplicitMetaPolicy Policy /Channel/Application/Writers ==
[36m2021-01-19 20:19:28.376 UTC [policies] EvaluateSignedData -> DEBU 2d3c[0m This is an implicit meta policy, it will trigger other policy evaluations, whose failures may be benign
[36m2021-01-19 20:19:28.376 UTC [policies] EvaluateSignedData -> DEBU 2d3d[0m == Evaluating *cauthdsl.policy Policy /Channel/Application/Org1MSP/Writers ==
[36m2021-01-19 20:19:28.376 UTC [msp.identity] Verify -> DEBU 2d3e[0m Verify: digest = 00000000  97 37 49 bc 4b 3e d3 49  7b db 47 a5 f4 9d cc f3  |.7I.K>.I{.G.....|
00000010  20 26 dd 09 4f 48 fd 56  12 e9 7d 15 52 c9 50 98  | &..OH.V..}.R.P.|
[36m2021-01-19 20:19:28.376 UTC [msp.identity] Verify -> DEBU 2d3f[0m Verify: sig = 00000000  30 44 02 20 6e 3e 92 c7  31 07 81 4f 51 1f ce 85  |0D. n>..1..OQ...|
00000010  fa c8 52 d4 e8 50 b4 e7  72 79 47 e4 da 5c 0c ec  |..R..P..ryG..\..|
00000020  b6 f9 43 6b 02 20 4d 56  76 40 ee e4 81 97 36 72  |..Ck. MVv@....6r|
00000030  77 00 ef bb 83 67 3b 47  b7 4f 4d 0a 4d e8 20 3d  |w....g;G.OM.M. =|
00000040  05 e1 26 47 cc dc                                 |..&G..|
[36m2021-01-19 20:19:28.376 UTC [policies] SignatureSetToValidIdentities -> DEBU 2d40[0m signature for identity 0 validated
[36m2021-01-19 20:19:28.376 UTC [cauthdsl] func1 -> DEBU 2d41[0m 0xc002e105b0 gate 1611087568376565424 evaluation starts
[36m2021-01-19 20:19:28.376 UTC [cauthdsl] func2 -> DEBU 2d42[0m 0xc002e105b0 signed by 0 principal evaluation starts (used [false])
[36m2021-01-19 20:19:28.376 UTC [cauthdsl] func2 -> DEBU 2d43[0m 0xc002e105b0 processing identity 0 - &{Org1MSP 6f6af754d6fb907bb3437adcc819f4b9b7292c1a3e6999fe5b16351545d2ff25}
[36m2021-01-19 20:19:28.376 UTC [cauthdsl] func2 -> DEBU 2d44[0m 0xc002e105b0 identity 0 does not satisfy principal: The identity is not an admin under this MSP [Org1MSP]: The identity does not contain OU [ADMIN], MSP: [Org1MSP]
[36m2021-01-19 20:19:28.376 UTC [cauthdsl] func2 -> DEBU 2d45[0m 0xc002e105b0 principal evaluation fails
[36m2021-01-19 20:19:28.376 UTC [cauthdsl] func2 -> DEBU 2d46[0m 0xc002e105b0 signed by 1 principal evaluation starts (used [false])
[36m2021-01-19 20:19:28.376 UTC [cauthdsl] func2 -> DEBU 2d47[0m 0xc002e105b0 processing identity 0 - &{Org1MSP 6f6af754d6fb907bb3437adcc819f4b9b7292c1a3e6999fe5b16351545d2ff25}
[36m2021-01-19 20:19:28.376 UTC [cauthdsl] func2 -> DEBU 2d48[0m 0xc002e105b0 principal evaluation succeeds for identity 0
[36m2021-01-19 20:19:28.376 UTC [cauthdsl] func1 -> DEBU 2d49[0m 0xc002e105b0 gate 1611087568376565424 evaluation succeeds
[36m2021-01-19 20:19:28.376 UTC [policies] EvaluateSignedData -> DEBU 2d4a[0m Signature set satisfies policy /Channel/Application/Org1MSP/Writers
[36m2021-01-19 20:19:28.376 UTC [policies] EvaluateSignedData -> DEBU 2d4b[0m == Done Evaluating *cauthdsl.policy Policy /Channel/Application/Org1MSP/Writers
[36m2021-01-19 20:19:28.376 UTC [policies] EvaluateSignedData -> DEBU 2d4c[0m Signature set satisfies policy /Channel/Application/Writers
[36m2021-01-19 20:19:28.376 UTC [policies] EvaluateSignedData -> DEBU 2d4d[0m == Done Evaluating *policies.ImplicitMetaPolicy Policy /Channel/Application/Writers
[36m2021-01-19 20:19:28.376 UTC [discovery] Discover -> DEBU 2d4e[0m Returning to 104.172.162.255:2828 a response containing: [members:<peers_by_org:<key:"Org1MSP" value:<peers:<state_info:<payload:"\030\005z|\022\024\010\254\307\222\312\235\275\356\255\026\020\356\374\304\201\372\360\356\255\026\032 \371\352\374\014\327\312A\2024\3561\010\207\373\326\365o\210\204\220\005\301\233Dm\335J\275\206\002@~\" \217!\202h\013\010=\310ij\020\326\304\370nP\343\373\305\363 |x\240\343\020<w4\346\201\032* \010\010\032\013\n\006fabcar\022\0011\032\017\n\n_lifecycle\022\0011" signature:"0E\002!\000\207\362\260R~i(\341>\r=\223\n\341d\260\030G\235\222\306\347\251ET5\211\273s\230*\257\002 [R\347\017>1\325\337\242\322<\222\367\255t-\264\260\324\001\377\330\000a\372V\351\213|\276>\331" > membership_info:<payload:"\030\001*P\n?\n\033peer0.org1.example.com:7051\032 \371\352\374\014\327\312A\2024\3561\010\207\373\326\365o\210\204\220\005\301\233Dm\335J\275\206\002@~\022\r\010\303\316\245\212\246\237\356\255\026\020\300\n" > identity:"\n\007Org1MSP\022\361\007-----BEGIN CERTIFICATE-----\nMIICuzCCAmKgAwIBAgIURNyKt+mFIuN9XnrIlqU4yEvI2bgwCgYIKoZIzj0EAwIw\ngYExCzAJBgNVBAYTAlVTMRMwEQYDVQQIEwpDYWxpZm9ybmlhMSQwIgYDVQQHExtT\nb255IFBpY3R1cmVzIEVudGVydGFpbm1lbnQxGTAXBgNVBAoTEG9yZzEuZXhhbXBs\nZS5jb20xHDAaBgNVBAMTE2NhLm9yZzEuZXhhbXBsZS5jb20wHhcNMjEwMTE5MTky\nNjAwWhcNMjIwMTE5MTkzMTAwWjBbMQswCQYDVQQGEwJVUzEXMBUGA1UECBMOTm9y\ndGggQ2Fyb2xpbmExFDASBgNVBAoTC0h5cGVybGVkZ2VyMQ0wCwYDVQQLEwRwZWVy\nMQ4wDAYDVQQDEwVwZWVyMDBZMBMGByqGSM49AgEGCCqGSM49AwEHA0IABPQKPRhR\n+TESZwqkF7lraqMpz/nb2s5DpKgRDFx3TVbJ3duWEgStOWdj3FVpY3ropMHXWbD0\n/zw4TB5G2bUmNIGjgdwwgdkwDgYDVR0PAQH/BAQDAgeAMAwGA1UdEwEB/wQCMAAw\nHQYDVR0OBBYEFGG+86/pkmjDmIAvlB2ssOGw2T+OMB8GA1UdIwQYMBaAFCVlztSi\nga4yM8u1FYdj7OCgxKo7MCEGA1UdEQQaMBiCFnBlZXIwLm9yZzEuZXhhbXBsZS5j\nb20wVgYIKgMEBQYHCAEESnsiYXR0cnMiOnsiaGYuQWZmaWxpYXRpb24iOiIiLCJo\nZi5FbnJvbGxtZW50SUQiOiJwZWVyMCIsImhmLlR5cGUiOiJwZWVyIn19MAoGCCqG\nSM49BAMCA0cAMEQCIBa2Mu+hfAnVl7aPM1uvCLLIHPH3qr8A9xhf98DcjS+hAiA+\nj+i3gVuHrSYzvAn8/lujvlYrK54PklrfSwxFn3s9IQ==\n-----END CERTIFICATE-----\n" > > > > ]
[34m2021-01-19 20:19:28.376 UTC [comm.grpc.server] 1 -> INFO 2d4f[0m unary call completed grpc.service=discovery.Discovery grpc.method=Discover grpc.request_deadline=2021-01-19T20:19:43.375Z grpc.peer_address=104.172.162.255:2828 grpc.code=OK grpc.call_duration=821.817µs
[36m2021-01-19 20:19:28.424 UTC [endorser] ProcessProposal -> DEBU 2d50[0m request from 104.172.162.255:2828
[36m2021-01-19 20:19:28.424 UTC [endorser] Validate -> DEBU 2d51[0m creator is valid channel=mychannel txID=4e4ab5fc mspID=Org1MSP
[36m2021-01-19 20:19:28.424 UTC [msp.identity] Verify -> DEBU 2d52[0m Verify: digest = 00000000  26 3a b5 4c eb 8c 36 c2  94 b5 f9 1e 41 39 d8 e7  |&:.L..6.....A9..|
00000010  2e 2d d5 49 ab 30 b0 aa  5f 3f 66 f7 b1 8a c2 e7  |.-.I.0.._?f.....|
[36m2021-01-19 20:19:28.424 UTC [msp.identity] Verify -> DEBU 2d53[0m Verify: sig = 00000000  30 44 02 20 60 8e e2 cb  a7 b0 b4 f0 d0 c2 d8 9a  |0D. `...........|
00000010  0e 7a 44 d6 60 c2 c5 43  1c 6d 22 66 b0 16 0a fc  |.zD.`..C.m"f....|
00000020  73 6f 37 e4 02 20 37 5e  7e c8 f0 41 a0 a4 9c 4a  |so7.. 7^~..A...J|
00000030  15 56 58 4a 80 fc 09 31  46 51 42 88 ee 39 63 2e  |.VXJ...1FQB..9c.|
00000040  93 9b 26 00 bc cd                                 |..&...|
[36m2021-01-19 20:19:28.424 UTC [endorser] Validate -> DEBU 2d54[0m signature is valid channel=mychannel txID=4e4ab5fc mspID=Org1MSP
[36m2021-01-19 20:19:28.424 UTC [blkstorage] retrieveTransactionByID -> DEBU 2d55[0m retrieveTransactionByID() - txId = [4e4ab5fc3efc6a13d20f0fff02e10681fcccda66bbb49729a52823557f3287b7]
[36m2021-01-19 20:19:28.424 UTC [leveldbhelper] GetIterator -> DEBU 2d56[0m Getting iterator for range [[]byte{0x6d, 0x79, 0x63, 0x68, 0x61, 0x6e, 0x6e, 0x65, 0x6c, 0x0, 0x74, 0x1, 0x40, 0x34, 0x65, 0x34, 0x61, 0x62, 0x35, 0x66, 0x63, 0x33, 0x65, 0x66, 0x63, 0x36, 0x61, 0x31, 0x33, 0x64, 0x32, 0x30, 0x66, 0x30, 0x66, 0x66, 0x66, 0x30, 0x32, 0x65, 0x31, 0x30, 0x36, 0x38, 0x31, 0x66, 0x63, 0x63, 0x63, 0x64, 0x61, 0x36, 0x36, 0x62, 0x62, 0x62, 0x34, 0x39, 0x37, 0x32, 0x39, 0x61, 0x35, 0x32, 0x38, 0x32, 0x33, 0x35, 0x35, 0x37, 0x66, 0x33, 0x32, 0x38, 0x37, 0x62, 0x37}] - [[]byte{0x6d, 0x79, 0x63, 0x68, 0x61, 0x6e, 0x6e, 0x65, 0x6c, 0x0, 0x74, 0x1, 0x40, 0x34, 0x65, 0x34, 0x61, 0x62, 0x35, 0x66, 0x63, 0x33, 0x65, 0x66, 0x63, 0x36, 0x61, 0x31, 0x33, 0x64, 0x32, 0x30, 0x66, 0x30, 0x66, 0x66, 0x66, 0x30, 0x32, 0x65, 0x31, 0x30, 0x36, 0x38, 0x31, 0x66, 0x63, 0x63, 0x63, 0x64, 0x61, 0x36, 0x36, 0x62, 0x62, 0x62, 0x34, 0x39, 0x37, 0x32, 0x39, 0x61, 0x35, 0x32, 0x38, 0x32, 0x33, 0x35, 0x35, 0x37, 0x66, 0x33, 0x32, 0x38, 0x37, 0x62, 0x37, 0xff}]
[36m2021-01-19 20:19:28.425 UTC [aclmgmt] CheckACL -> DEBU 2d57[0m acl policy not found in config for resource peer/Propose
[36m2021-01-19 20:19:28.425 UTC [policies] EvaluateSignedData -> DEBU 2d58[0m == Evaluating *policies.ImplicitMetaPolicy Policy /Channel/Application/Writers ==
[36m2021-01-19 20:19:28.425 UTC [policies] EvaluateSignedData -> DEBU 2d59[0m This is an implicit meta policy, it will trigger other policy evaluations, whose failures may be benign
[36m2021-01-19 20:19:28.425 UTC [policies] EvaluateSignedData -> DEBU 2d5a[0m == Evaluating *cauthdsl.policy Policy /Channel/Application/Org1MSP/Writers ==
[36m2021-01-19 20:19:28.425 UTC [msp.identity] Verify -> DEBU 2d5b[0m Verify: digest = 00000000  26 3a b5 4c eb 8c 36 c2  94 b5 f9 1e 41 39 d8 e7  |&:.L..6.....A9..|
00000010  2e 2d d5 49 ab 30 b0 aa  5f 3f 66 f7 b1 8a c2 e7  |.-.I.0.._?f.....|
[36m2021-01-19 20:19:28.425 UTC [msp.identity] Verify -> DEBU 2d5c[0m Verify: sig = 00000000  30 44 02 20 60 8e e2 cb  a7 b0 b4 f0 d0 c2 d8 9a  |0D. `...........|
00000010  0e 7a 44 d6 60 c2 c5 43  1c 6d 22 66 b0 16 0a fc  |.zD.`..C.m"f....|
00000020  73 6f 37 e4 02 20 37 5e  7e c8 f0 41 a0 a4 9c 4a  |so7.. 7^~..A...J|
00000030  15 56 58 4a 80 fc 09 31  46 51 42 88 ee 39 63 2e  |.VXJ...1FQB..9c.|
00000040  93 9b 26 00 bc cd                                 |..&...|
[36m2021-01-19 20:19:28.425 UTC [policies] SignatureSetToValidIdentities -> DEBU 2d5d[0m signature for identity 0 validated
[36m2021-01-19 20:19:28.425 UTC [cauthdsl] func1 -> DEBU 2d5e[0m 0xc002c96650 gate 1611087568425252160 evaluation starts
[36m2021-01-19 20:19:28.425 UTC [cauthdsl] func2 -> DEBU 2d5f[0m 0xc002c96650 signed by 0 principal evaluation starts (used [false])
[36m2021-01-19 20:19:28.425 UTC [cauthdsl] func2 -> DEBU 2d60[0m 0xc002c96650 processing identity 0 - &{Org1MSP 6f6af754d6fb907bb3437adcc819f4b9b7292c1a3e6999fe5b16351545d2ff25}
[36m2021-01-19 20:19:28.425 UTC [cauthdsl] func2 -> DEBU 2d61[0m 0xc002c96650 identity 0 does not satisfy principal: The identity is not an admin under this MSP [Org1MSP]: The identity does not contain OU [ADMIN], MSP: [Org1MSP]
[36m2021-01-19 20:19:28.425 UTC [cauthdsl] func2 -> DEBU 2d62[0m 0xc002c96650 principal evaluation fails
[36m2021-01-19 20:19:28.425 UTC [cauthdsl] func2 -> DEBU 2d63[0m 0xc002c96650 signed by 1 principal evaluation starts (used [false])
[36m2021-01-19 20:19:28.425 UTC [cauthdsl] func2 -> DEBU 2d64[0m 0xc002c96650 processing identity 0 - &{Org1MSP 6f6af754d6fb907bb3437adcc819f4b9b7292c1a3e6999fe5b16351545d2ff25}
[36m2021-01-19 20:19:28.425 UTC [cauthdsl] func2 -> DEBU 2d65[0m 0xc002c96650 principal evaluation succeeds for identity 0
[36m2021-01-19 20:19:28.425 UTC [cauthdsl] func1 -> DEBU 2d66[0m 0xc002c96650 gate 1611087568425252160 evaluation succeeds
[36m2021-01-19 20:19:28.425 UTC [policies] EvaluateSignedData -> DEBU 2d67[0m Signature set satisfies policy /Channel/Application/Org1MSP/Writers
[36m2021-01-19 20:19:28.425 UTC [policies] EvaluateSignedData -> DEBU 2d68[0m == Done Evaluating *cauthdsl.policy Policy /Channel/Application/Org1MSP/Writers
[36m2021-01-19 20:19:28.425 UTC [policies] EvaluateSignedData -> DEBU 2d69[0m Signature set satisfies policy /Channel/Application/Writers
[36m2021-01-19 20:19:28.425 UTC [policies] EvaluateSignedData -> DEBU 2d6a[0m == Done Evaluating *policies.ImplicitMetaPolicy Policy /Channel/Application/Writers
[36m2021-01-19 20:19:28.425 UTC [lockbasedtxmgr] NewTxSimulator -> DEBU 2d6b[0m constructing new tx simulator
[36m2021-01-19 20:19:28.425 UTC [lockbasedtxmgr] newQueryExecutor -> DEBU 2d6c[0m constructing new query executor txid = [4e4ab5fc3efc6a13d20f0fff02e10681fcccda66bbb49729a52823557f3287b7]
[36m2021-01-19 20:19:28.425 UTC [lockbasedtxmgr] newTxSimulator -> DEBU 2d6d[0m constructing new tx simulator txid = [4e4ab5fc3efc6a13d20f0fff02e10681fcccda66bbb49729a52823557f3287b7]
[36m2021-01-19 20:19:28.425 UTC [statecouchdb] GetState -> DEBU 2d6e[0m GetState(). ns=_lifecycle, key=namespaces/fields/fabcar/Sequence
[36m2021-01-19 20:19:28.425 UTC [chaincode] CheckInvocation -> DEBU 2d6f[0m [4e4ab5fc] getting chaincode data for fabcar on channel mychannel
[36m2021-01-19 20:19:28.425 UTC [statecouchdb] GetState -> DEBU 2d70[0m GetState(). ns=_lifecycle, key=namespaces/fields/fabcar/Sequence
[36m2021-01-19 20:19:28.425 UTC [chaincode] Execute -> DEBU 2d71[0m Entry
[36m2021-01-19 20:19:28.426 UTC [chaincode] handleMessage -> DEBU 2d72[0m [4e4ab5fc] Fabric side handling ChaincodeMessage of type: GET_STATE_BY_RANGE in state ready
[36m2021-01-19 20:19:28.426 UTC [chaincode] HandleTransaction -> DEBU 2d73[0m [4e4ab5fc] handling GET_STATE_BY_RANGE from chaincode
[36m2021-01-19 20:19:28.426 UTC [statecouchdb] GetStateRangeScanIteratorWithPagination -> DEBU 2d74[0m Entering GetStateRangeScanIteratorWithPagination namespace: fabcar  startKey: CAR0  endKey: CAR99  pageSize: 0
[36m2021-01-19 20:19:28.426 UTC [couchdb] readDocRange -> DEBU 2d75[0m [mychannel_fabcar] Entering ReadDocRange()  startKey=CAR0, endKey=CAR99
[36m2021-01-19 20:19:28.426 UTC [couchdb] handleRequest -> DEBU 2d76[0m Entering handleRequest()  method=GET  url=http://couchdb0:5984  dbName=mychannel_fabcar
[36m2021-01-19 20:19:28.426 UTC [couchdb] handleRequest -> DEBU 2d77[0m Request URL: http://couchdb0:5984/mychannel_fabcar/_all_docs?attachments=true&endkey=%22CAR99%22&include_docs=true&inclusive_end=false&limit=1001&startkey=%22CAR0%22
[36m2021-01-19 20:19:28.429 UTC [couchdb] handleRequest -> DEBU 2d78[0m Exiting handleRequest()
[36m2021-01-19 20:19:28.430 UTC [couchdb] readDocRange -> DEBU 2d79[0m [mychannel_fabcar] HTTP/1.1 200 OK
Transfer-Encoding: chunked
Cache-Control: must-revalidate
Content-Type: application/json
Date: Tue, 19 Jan 2021 20:19:27 GMT
Server: CouchDB/3.1.1 (Erlang OTP/20)
X-Couch-Request-Id: 9f2874ff5a
X-Couchdb-Body-Time: 0

137
{"total_rows":4,"offset":0,"rows":[
{"id":"CAR7QssmbJIji3zEE4K","key":"CAR7QssmbJIji3zEE4K","value":{"rev":"1-efc08cb2c2afeb90bab757c664b0e1df"},"doc":{"_id":"CAR7QssmbJIji3zEE4K","_rev":"1-efc08cb2c2afeb90bab757c664b0e1df","colour":"Grey","make":"VW","model":"Polo","owner":"Mary","~version":"CgMBBQA="}}
]}

0

[36m2021-01-19 20:19:28.430 UTC [couchdb] readDocRange -> DEBU 2d7a[0m [mychannel_fabcar] Total Rows: 4
[36m2021-01-19 20:19:28.430 UTC [couchdb] readDocRange -> DEBU 2d7b[0m [mychannel_fabcar] Adding json docment for id: CAR7QssmbJIji3zEE4K
[36m2021-01-19 20:19:28.430 UTC [couchdb] readDocRange -> DEBU 2d7c[0m [mychannel_fabcar] Exiting ReadDocRange()
[36m2021-01-19 20:19:28.430 UTC [rwsetutil] AddResult -> DEBU 2d7d[0m Adding a result
[36m2021-01-19 20:19:28.430 UTC [chaincode] HandleGetStateByRange -> DEBU 2d7e[0m Got keys and values. Sending RESPONSE
[36m2021-01-19 20:19:28.430 UTC [chaincode] HandleTransaction -> DEBU 2d7f[0m [4e4ab5fc] Completed GET_STATE_BY_RANGE. Sending RESPONSE
[36m2021-01-19 20:19:28.431 UTC [chaincode] handleMessage -> DEBU 2d80[0m [4e4ab5fc] Fabric side handling ChaincodeMessage of type: QUERY_STATE_CLOSE in state ready
[36m2021-01-19 20:19:28.431 UTC [chaincode] HandleTransaction -> DEBU 2d81[0m [4e4ab5fc] handling QUERY_STATE_CLOSE from chaincode
[36m2021-01-19 20:19:28.431 UTC [chaincode] HandleTransaction -> DEBU 2d82[0m [4e4ab5fc] Completed QUERY_STATE_CLOSE. Sending RESPONSE
[36m2021-01-19 20:19:28.431 UTC [chaincode] handleMessage -> DEBU 2d83[0m [4e4ab5fc] Fabric side handling ChaincodeMessage of type: COMPLETED in state ready
[36m2021-01-19 20:19:28.431 UTC [chaincode] Notify -> DEBU 2d84[0m [4e4ab5fc] notifying Txid:4e4ab5fc3efc6a13d20f0fff02e10681fcccda66bbb49729a52823557f3287b7, channelID:mychannel
[36m2021-01-19 20:19:28.431 UTC [chaincode] Execute -> DEBU 2d85[0m Exit
[34m2021-01-19 20:19:28.431 UTC [endorser] callChaincode -> INFO 2d86[0m finished chaincode: fabcar duration: 6ms channel=mychannel txID=4e4ab5fc
[36m2021-01-19 20:19:28.431 UTC [lockbasedtxmgr] GetTxSimulationResults -> DEBU 2d87[0m Simulation completed, getting simulation results
[36m2021-01-19 20:19:28.431 UTC [lockbasedtxmgr] Done -> DEBU 2d88[0m Done with transaction simulation / query execution [4e4ab5fc3efc6a13d20f0fff02e10681fcccda66bbb49729a52823557f3287b7]
[36m2021-01-19 20:19:28.431 UTC [endorser] ProcessProposalSuccessfullyOrError -> DEBU 2d89[0m escc for chaincode fabcar is escc channel=mychannel txID=4e4ab5fc
[36m2021-01-19 20:19:28.431 UTC [msp.identity] Sign -> DEBU 2d8a[0m Sign: plaintext: 0A20F89E5A70BFE57E9B615A37A8D425...455254494649434154452D2D2D2D2D0A 
[36m2021-01-19 20:19:28.432 UTC [msp.identity] Sign -> DEBU 2d8b[0m Sign: digest: 17164A2C10791C18EA7EBB06C35811E1AC2C317A23B9784855EE3CB7F77BC681 
[36m2021-01-19 20:19:28.432 UTC [lockbasedtxmgr] Done -> DEBU 2d8c[0m Done with transaction simulation / query execution [4e4ab5fc3efc6a13d20f0fff02e10681fcccda66bbb49729a52823557f3287b7]
[34m2021-01-19 20:19:28.432 UTC [comm.grpc.server] 1 -> INFO 2d8d[0m unary call completed grpc.service=protos.Endorser grpc.method=ProcessProposal grpc.request_deadline=2021-01-19T20:22:28.327Z grpc.peer_address=104.172.162.255:2828 grpc.code=OK grpc.call_duration=7.729363ms
[36m2021-01-19 20:19:28.477 UTC [grpc] infof -> DEBU 2d8e[0m transport: loopyWriter.run returning. connection error: desc = "transport is closing"
